2017-04-14T22:32:28 sandboxproc.exe C:\DWASFiles\Sites\#1OrganDonorSystem\Temp\applicationhost.config False True
2017-04-14T22:32:28 env XPROC_TYPENAME=Microsoft.Web.Hosting.Transformers.ApplicationHost.SiteExtensionHelper, Microsoft.Web.Hosting, Version=7.1.0.0, Culture=neutral, PublicKeyToken=31bf3856ad364e35
2017-04-14T22:32:28 env XPROC_METHODNAME=Transform
2017-04-14T22:32:28 Start 'Microsoft.ApplicationInsights.AzureWebSites' site extension transform
2017-04-14T22:32:28 StartSection Executing InsertIfMissing (transform line 4, 23)
2017-04-14T22:32:28 on /configuration/location[@path='OrganDonorSystem']/system.webServer
2017-04-14T22:32:28 Applying to 'location' element (no source line info)
2017-04-14T22:32:28 EndSection Done executing InsertIfMissing
2017-04-14T22:32:28 StartSection Executing InsertIfMissing (transform line 5, 16)
2017-04-14T22:32:28 on /configuration/location[@path='OrganDonorSystem']/system.webServer/runtime
2017-04-14T22:32:28 Applying to 'system.webServer' element (no source line info)
2017-04-14T22:32:28 Inserted 'runtime' element
2017-04-14T22:32:28 EndSection Done executing InsertIfMissing
2017-04-14T22:32:28 StartSection Executing InsertIfMissing (transform line 6, 31)
2017-04-14T22:32:28 on /configuration/location[@path='OrganDonorSystem']/system.webServer/runtime/environmentVariables
2017-04-14T22:32:28 Applying to 'runtime' element (no source line info)
2017-04-14T22:32:28 EndSection Done executing InsertIfMissing
2017-04-14T22:32:28 StartSection Executing InsertIfMissing (transform line 7, 80)
2017-04-14T22:32:28 on /configuration/location[@path='OrganDonorSystem']/system.webServer/runtime/environmentVariables/add[@name='COR_ENABLE_PROFILING']
2017-04-14T22:32:28 Applying to 'environmentVariables' element (no source line info)
2017-04-14T22:32:28 EndSection Done executing InsertIfMissing
2017-04-14T22:32:28 StartSection Executing InsertIfMissing (transform line 8, 109)
2017-04-14T22:32:28 on /configuration/location[@path='OrganDonorSystem']/system.webServer/runtime/environmentVariables/add[@name='COR_PROFILER']
2017-04-14T22:32:28 Applying to 'environmentVariables' element (no source line info)
2017-04-14T22:32:28 EndSection Done executing InsertIfMissing
2017-04-14T22:32:28 StartSection Executing InsertIfMissing (transform line 9, 183)
2017-04-14T22:32:28 on /configuration/location[@path='OrganDonorSystem']/system.webServer/runtime/environmentVariables/add[@name='COR_PROFILER_PATH']
2017-04-14T22:32:28 Applying to 'environmentVariables' element (no source line info)
2017-04-14T22:32:28 EndSection Done executing InsertIfMissing
2017-04-14T22:32:28 StartSection Executing InsertIfMissing (transform line 10, 132)
2017-04-14T22:32:28 on /configuration/location[@path='OrganDonorSystem']/system.webServer/runtime/environmentVariables/add[@name='MicrosoftInstrumentationEngine_Host']
2017-04-14T22:32:28 Applying to 'environmentVariables' element (no source line info)
2017-04-14T22:32:28 EndSection Done executing InsertIfMissing
2017-04-14T22:32:28 StartSection Executing InsertIfMissing (transform line 11, 219)
2017-04-14T22:32:28 on /configuration/location[@path='OrganDonorSystem']/system.webServer/runtime/environmentVariables/add[@name='MicrosoftInstrumentationEngine_HostPath']
2017-04-14T22:32:28 Applying to 'environmentVariables' element (no source line info)
2017-04-14T22:32:28 EndSection Done executing InsertIfMissing
2017-04-14T22:32:29 Successful 'D:\home\SiteExtensions\Microsoft.ApplicationInsights.AzureWebSites\applicationHost.xdt' site extension transform
2017-04-14T22:32:29 sandboxproc.exe complete successfully. Ellapsed = 971.00 ms
